<?xml version="1.0" encoding="UTF-8"?>
<!-- Generated by org.testng.reporters.JUnitReportReporter -->
<testsuite skipped="0" hostname="Anil007-PC" name="getExamples.NonBDDStyleGetRequest" tests="1" failures="0" timestamp="2020-05-25T15:20:08 IST" time="3.269" errors="0">
  <testcase name="GetBookingIds_VerifyStatusCode" time="3.269" classname="getExamples.NonBDDStyleGetRequest"/>
  <system-out/>
</testsuite> <!-- getExamples.NonBDDStyleGetRequest -->
